MIF/HEX Update report for Processor
Fri May 16 13:01:40 2025
Quartus Prime Version 23.1std.1 Build 993 05/14/2024 SC Lite Edition


---------------------
; Table of Contents ;
---------------------
  1. Legal Notice
  2. MIF/HEX Update Summary
  3. MIF/HEX Update Processed Files
  4. MIF/HEX Update Messages



----------------
; Legal Notice ;
----------------
Copyright (C) 2024  Intel Corporation. All rights reserved.
Your use of Intel Corporation's design tools, logic functions 
and other software and tools, and any partner logic 
functions, and any output files from any of the foregoing 
(including device programming or simulation files), and any 
associated documentation or information are expressly subject 
to the terms and conditions of the Intel Program License 
Subscription Agreement, the Intel Quartus Prime License Agreement,
the Intel FPGA IP License Agreement, or other applicable license
agreement, including, without limitation, that your use is for
the sole purpose of programming logic devices manufactured by
Intel and sold by Intel or its authorized distributors.  Please
refer to the applicable agreement for further details, at
https://fpgasoftware.intel.com/eula.



+---------------------------------------------------------------+
; MIF/HEX Update Summary                                        ;
+-----------------------+---------------------------------------+
; MIF/HEX Update Status ; Successful - Fri May 16 13:01:40 2025 ;
; Revision Name         ; Processor                             ;
; Top-level Entity Name ; Processor                             ;
; Family                ; Cyclone V                             ;
; Device                ; 5CSEMA5F31C6                          ;
+-----------------------+---------------------------------------+


+-----------------------------------------------------------------------------------------+
; MIF/HEX Update Processed Files                                                          ;
+-----------------------------------------------------------------------------------------+
; File Name                                                                               ;
+-----------------------------------------------------------------------------------------+
; C:/Users/littekge/Desktop/ECE_289/ECE_289_CPU/memory/program.mif                        ;
; C:/Users/littekge/Desktop/ECE_289/ECE_289_CPU/vga_controller/ascii_rom/ascii_encode.mif ;
+-----------------------------------------------------------------------------------------+


+-------------------------+
; MIF/HEX Update Messages ;
+-------------------------+
Info: *******************************************************************
Info: Running Quartus Prime MIF/HEX Update
    Info: Version 23.1std.1 Build 993 05/14/2024 SC Lite Edition
    Info: Processing started: Fri May 16 13:01:31 2025
Info: Command: quartus_cdb Processor -c Processor --update_mif
Warning (18236): Number of processors has not been specified which may cause overloading on shared machines.  Set the global assignment NUM_PARALLEL_PROCESSORS in your QSF to an appropriate value for best performance.
Warning (39023): Can't find Memory Initialization File ascii_buffer_1.mif -- skipped updates for this file
Info (39024): Processed the following Memory Initialization File(s)
    Info (39025): Processed Memory Initialization File C:/Users/littekge/Desktop/ECE_289/ECE_289_CPU/memory/program.mif File: C:/Users/littekge/Desktop/ECE_289/ECE_289_CPU/memory/program.mif Line: 0
    Info (39025): Processed Memory Initialization File C:/Users/littekge/Desktop/ECE_289/ECE_289_CPU/vga_controller/ascii_rom/ascii_encode.mif File: C:/Users/littekge/Desktop/ECE_289/ECE_289_CPU/vga_controller/ascii_rom/ascii_encode.mif Line: 0
Info: Quartus Prime MIF/HEX Update was successful. 0 errors, 2 warnings
    Info: Peak virtual memory: 4961 megabytes
    Info: Processing ended: Fri May 16 13:01:40 2025
    Info: Elapsed time: 00:00:09
    Info: Total CPU time (on all processors): 00:00:07


